<?xml version="1.0" encoding="UTF-8"?>
<!-- Generated by org.testng.reporters.JUnitReportReporter -->
<testsuite hostname="LAPTOP-GKP2J5DC" failures="0" tests="1" name="ecommerceapp.FrameworkProjectTest" time="25.623" errors="0" timestamp="2025-06-06T23:33:56 IST" skipped="0">
  <testcase classname="ecommerceapp.FrameworkProjectTest" name="submitOrder" time="25.623"/>
</testsuite> <!-- ecommerceapp.FrameworkProjectTest -->
