<?xml version="1.0" encoding="UTF-8"?>
<!-- Generated by org.testng.reporters.JUnitReportReporter -->
<testsuite hostname="LAPTOP-GKP2J5DC" failures="0" tests="1" name="ecommerceapp.FrameworkProjectTest" time="30.905" errors="0" timestamp="2025-06-07T00:24:20 IST" skipped="0">
  <testcase classname="ecommerceapp.FrameworkProjectTest" name="submitOrder" time="30.905"/>
</testsuite> <!-- ecommerceapp.FrameworkProjectTest -->
